Using pre-set license

 COMMAND LINE ARGUMENTS:
/Applications/Unity/Hub/Editor/2020.3.14f1/Unity.app/Contents/MacOS/Unity
-adb2
-batchMode
-noUpm
-name
AssetImportWorker0
-projectPath
/Users/surubamark/Documents/GitHub/AnimalPocket/AnimalPocet
-logFile
Logs/AssetImportWorker0.log
-srvPort
55814
Successfully changed project path to: /Users/surubamark/Documents/GitHub/AnimalPocket/AnimalPocet
/Users/surubamark/Documents/GitHub/AnimalPocket/AnimalPocet
Using Asset Import Pipeline V2.
Refreshing native plugins compatible for Editor in 36.65 ms, found 2 plugins.
Preloading 0 native plugins for Editor in 0.00 ms.
Initialize engine version: 2020.3.14f1 (d0d1bb862f9d)
[Subsystems] Discovering subsystems at path /Applications/Unity/Hub/Editor/2020.3.14f1/Unity.app/Contents/Resources/UnitySubsystems
[Subsystems] Discovering subsystems at path /Users/surubamark/Documents/GitHub/AnimalPocket/AnimalPocet/Assets
GfxDevice: creating device client; threaded=0
2021-11-23 21:52:18.777 Unity[15512:1368659] Color LCD preferred device: AMD Radeon Pro 5300M (high power)
2021-11-23 21:52:18.777 Unity[15512:1368659] Metal devices available: 2
2021-11-23 21:52:18.777 Unity[15512:1368659] 0: AMD Radeon Pro 5300M (high power)
2021-11-23 21:52:18.778 Unity[15512:1368659] 1: Intel(R) UHD Graphics 630 (low power)
2021-11-23 21:52:18.778 Unity[15512:1368659] Using device AMD Radeon Pro 5300M (high power)
Initializing Metal device caps: AMD Radeon Pro 5300M
Initialize mono
Mono path[0] = '/Applications/Unity/Hub/Editor/2020.3.14f1/Unity.app/Contents/Managed'
Mono path[1] = '/Applications/Unity/Hub/Editor/2020.3.14f1/Unity.app/Contents/MonoBleedingEdge/lib/mono/unityjit'
Mono config path = '/Applications/Unity/Hub/Editor/2020.3.14f1/Unity.app/Contents/MonoBleedingEdge/etc'
Using monoOptions --debugger-agent=transport=dt_socket,embedding=1,server=y,suspend=n,address=127.0.0.1:56512
Begin MonoManager ReloadAssembly
Registering precompiled unity dll's ...
Register platform support module: /Applications/Unity/Hub/Editor/2020.3.14f1/Unity.app/Contents/PlaybackEngines/MacStandaloneSupport/UnityEditor.OSXStandalone.Extensions.dll
Register platform support module: /Applications/Unity/Hub/Editor/2020.3.14f1/PlaybackEngines/WindowsStandaloneSupport/UnityEditor.WindowsStandalone.Extensions.dll
Registered in 0.000837 seconds.
Native extension for WindowsStandalone target not found
Native extension for OSXStandalone target not found
Refreshing native plugins compatible for Editor in 35.59 ms, found 2 plugins.
Preloading 0 native plugins for Editor in 0.00 ms.
Mono: successfully reloaded assembly
- Completed reload, in  2.340 seconds
Domain Reload Profiling:
	ReloadAssembly (2340ms)
		BeginReloadAssembly (61ms)
			ExecutionOrderSort (0ms)
			DisableScriptedObjects (0ms)
			BackupInstance (0ms)
			ReleaseScriptingObjects (0ms)
			CreateAndSetChildDomain (1ms)
		EndReloadAssembly (581ms)
			LoadAssemblies (59ms)
			RebuildTransferFunctionScriptingTraits (0ms)
			SetupTypeCache (218ms)
			ReleaseScriptCaches (0ms)
			RebuildScriptCaches (52ms)
			SetupLoadedEditorAssemblies (244ms)
				LogAssemblyErrors (0ms)
				InitializePlatformSupportModulesInManaged (6ms)
				SetLoadedEditorAssemblies (0ms)
				RefreshPlugins (36ms)
				BeforeProcessingInitializeOnLoad (31ms)
				ProcessInitializeOnLoadAttributes (130ms)
				ProcessInitializeOnLoadMethodAttributes (41ms)
				AfterProcessingInitializeOnLoad (0ms)
				EditorAssembliesLoaded (0ms)
			ExecutionOrderSort2 (0ms)
			AwakeInstancesAfterBackupRestoration (0ms)
Platform modules already initialized, skipping
Registering precompiled user dll's ...
Registered in 0.004352 seconds.
Begin MonoManager ReloadAssembly
Native extension for WindowsStandalone target not found
Native extension for OSXStandalone target not found
Refreshing native plugins compatible for Editor in 35.62 ms, found 2 plugins.
Preloading 0 native plugins for Editor in 0.00 ms.
Mono: successfully reloaded assembly
- Completed reload, in  1.333 seconds
Domain Reload Profiling:
	ReloadAssembly (1334ms)
		BeginReloadAssembly (170ms)
			ExecutionOrderSort (0ms)
			DisableScriptedObjects (5ms)
			BackupInstance (0ms)
			ReleaseScriptingObjects (0ms)
			CreateAndSetChildDomain (31ms)
		EndReloadAssembly (1096ms)
			LoadAssemblies (79ms)
			RebuildTransferFunctionScriptingTraits (0ms)
			SetupTypeCache (391ms)
			ReleaseScriptCaches (0ms)
			RebuildScriptCaches (78ms)
			SetupLoadedEditorAssemblies (383ms)
				LogAssemblyErrors (0ms)
				InitializePlatformSupportModulesInManaged (6ms)
				SetLoadedEditorAssemblies (0ms)
				RefreshPlugins (36ms)
				BeforeProcessingInitializeOnLoad (88ms)
				ProcessInitializeOnLoadAttributes (246ms)
				ProcessInitializeOnLoadMethodAttributes (5ms)
				AfterProcessingInitializeOnLoad (2ms)
				EditorAssembliesLoaded (0ms)
			ExecutionOrderSort2 (0ms)
			AwakeInstancesAfterBackupRestoration (8ms)
Platform modules already initialized, skipping
========================================================================
Worker process is ready to serve import requests
Launching external process: /Applications/Unity/Hub/Editor/2020.3.14f1/Unity.app/Contents/Tools/UnityShaderCompiler
Launched and connected shader compiler UnityShaderCompiler after 0.02 seconds
Refreshing native plugins compatible for Editor in 0.28 ms, found 2 plugins.
Preloading 0 native plugins for Editor in 0.00 ms.
Unloading 1473 Unused Serialized files (Serialized files now loaded: 0)
System memory in use before: 141.0 MB.
System memory in use after: 141.1 MB.

Unloading 19 unused Assets to reduce memory usage. Loaded Objects now: 1909.
Total: 1.758231 ms (FindLiveObjects: 0.166357 ms CreateObjectMapping: 0.046840 ms MarkObjects: 1.475705 ms  DeleteObjects: 0.068452 ms)

AssetImportParameters requested are different than current active one (requested -> active):
  custom:video-decoder-ogg-theora: a1e56fd34408186e4bbccfd4996cb3dc -> 
  custom:container-muxer-webm: aa71ff27fc2769a1b78a27578f13a17b -> 
  custom:container-demuxer-webm: 4f35f7cbe854078d1ac9338744f61a02 -> 
  custom:container-demuxer-ogg: 62fdf1f143b41e24485cea50d1cbac27 -> 
  custom:video-encoder-webm-vp8: eb34c28f22e8b96e1ab97ce403110664 -> 
  custom:framework-osx-AVFoundation: e770b220cccbd017edd2c1fefb359320 -> 
  custom:video-decoder-webm-vp8: 9c59270c3fd7afecdb556c50c9e8de78 -> 
  custom:audio-decoder-ogg-vorbis: bf7c407c2cedff20999df2af8eb42d56 -> 
  custom:audio-encoder-webm-vorbis: bf7c407c2cedff20999df2af8eb42d56 -> 
========================================================================
Received Import Request.
  path: Assets/Image/book.png
  artifactKey: Guid(aed4c34091eeb4a33a387ba921aae776) Importer(815301076,1909f56bfc062723c751e8b465ee728b)
Start importing Assets/Image/book.png using Guid(aed4c34091eeb4a33a387ba921aae776) Importer(815301076,1909f56bfc062723c751e8b465ee728b)  -> (artifact id: 'c30957eee3c35b0d9202e0774bd9e6c5') in 0.988599 seconds 
  Import took 0.991160 seconds .

========================================================================
Received Import Request.
  Time since last request: 426.220495 seconds.
  path: Assets/Script/Book.cs
  artifactKey: Guid(ad21aa8638b5643019274bc29141a5e1) Importer(815301076,1909f56bfc062723c751e8b465ee728b)
Start importing Assets/Script/Book.cs using Guid(ad21aa8638b5643019274bc29141a5e1) Importer(815301076,1909f56bfc062723c751e8b465ee728b)  -> (artifact id: '0c549be2ca9ed6261c82f289d91f3386') in 0.353043 seconds 
  Import took 0.356210 seconds .

========================================================================
Received Prepare
Registering precompiled user dll's ...
Registered in 0.003515 seconds.
Begin MonoManager ReloadAssembly
Native extension for WindowsStandalone target not found
Native extension for OSXStandalone target not found
Refreshing native plugins compatible for Editor in 0.30 ms, found 2 plugins.
Preloading 0 native plugins for Editor in 0.00 ms.
Mono: successfully reloaded assembly
- Completed reload, in  1.061 seconds
Domain Reload Profiling:
	ReloadAssembly (1063ms)
		BeginReloadAssembly (121ms)
			ExecutionOrderSort (0ms)
			DisableScriptedObjects (4ms)
			BackupInstance (0ms)
			ReleaseScriptingObjects (0ms)
			CreateAndSetChildDomain (52ms)
		EndReloadAssembly (871ms)
			LoadAssemblies (80ms)
			RebuildTransferFunctionScriptingTraits (0ms)
			SetupTypeCache (322ms)
			ReleaseScriptCaches (1ms)
			RebuildScriptCaches (49ms)
			SetupLoadedEditorAssemblies (299ms)
				LogAssemblyErrors (0ms)
				InitializePlatformSupportModulesInManaged (5ms)
				SetLoadedEditorAssemblies (0ms)
				RefreshPlugins (0ms)
				BeforeProcessingInitializeOnLoad (83ms)
				ProcessInitializeOnLoadAttributes (204ms)
				ProcessInitializeOnLoadMethodAttributes (4ms)
				AfterProcessingInitializeOnLoad (1ms)
				EditorAssembliesLoaded (0ms)
			ExecutionOrderSort2 (0ms)
			AwakeInstancesAfterBackupRestoration (7ms)
Platform modules already initialized, skipping
Refreshing native plugins compatible for Editor in 0.30 ms, found 2 plugins.
Preloading 0 native plugins for Editor in 0.00 ms.
Unloading 1469 Unused Serialized files (Serialized files now loaded: 0)
System memory in use before: 153.2 MB.
System memory in use after: 153.3 MB.

Unloading 14 unused Assets to reduce memory usage. Loaded Objects now: 1919.
Total: 1.700009 ms (FindLiveObjects: 0.132831 ms CreateObjectMapping: 0.037377 ms MarkObjects: 1.484833 ms  DeleteObjects: 0.043878 ms)

AssetImportParameters requested are different than current active one (requested -> active):
  custom:video-decoder-ogg-theora: a1e56fd34408186e4bbccfd4996cb3dc -> 
  custom:container-muxer-webm: aa71ff27fc2769a1b78a27578f13a17b -> 
  custom:container-demuxer-webm: 4f35f7cbe854078d1ac9338744f61a02 -> 
  custom:container-demuxer-ogg: 62fdf1f143b41e24485cea50d1cbac27 -> 
  custom:video-encoder-webm-vp8: eb34c28f22e8b96e1ab97ce403110664 -> 
  custom:framework-osx-AVFoundation: e770b220cccbd017edd2c1fefb359320 -> 
  custom:video-decoder-webm-vp8: 9c59270c3fd7afecdb556c50c9e8de78 -> 
  custom:audio-decoder-ogg-vorbis: bf7c407c2cedff20999df2af8eb42d56 -> 
  custom:audio-encoder-webm-vorbis: bf7c407c2cedff20999df2af8eb42d56 -> 
========================================================================
Received Import Request.
  Time since last request: 1166.034568 seconds.
  path: Assets/Image/w644.jpeg
  artifactKey: Guid(d679684a286a9407998485d66b49945e) Importer(815301076,1909f56bfc062723c751e8b465ee728b)
Start importing Assets/Image/w644.jpeg using Guid(d679684a286a9407998485d66b49945e) Importer(815301076,1909f56bfc062723c751e8b465ee728b)  -> (artifact id: '4fb7e88147b3eda17283bfcd21de03e2') in 1.263153 seconds 
  Import took 1.266999 seconds .

========================================================================
Received Import Request.
  Time since last request: 7.229993 seconds.
  path: Assets/Image/w644.jpeg
  artifactKey: Guid(d679684a286a9407998485d66b49945e) Importer(815301076,1909f56bfc062723c751e8b465ee728b)
Start importing Assets/Image/w644.jpeg using Guid(d679684a286a9407998485d66b49945e) Importer(815301076,1909f56bfc062723c751e8b465ee728b)  -> (artifact id: '64b670455edf5caa468aba6047154612') in 0.046981 seconds 
  Import took 0.049901 seconds .

========================================================================
Received Import Request.
  Time since last request: 292.029973 seconds.
  path: Assets/Image/Amphilophus-citrinellus.jpeg
  artifactKey: Guid(d4093e6c1e12440dfb0a10813504b87f) Importer(815301076,1909f56bfc062723c751e8b465ee728b)
Start importing Assets/Image/Amphilophus-citrinellus.jpeg using Guid(d4093e6c1e12440dfb0a10813504b87f) Importer(815301076,1909f56bfc062723c751e8b465ee728b)  -> (artifact id: 'd210d2c2dc9940965937923828da7104') in 0.018579 seconds 
  Import took 0.022063 seconds .

========================================================================
Received Import Request.
  Time since last request: 9.249611 seconds.
  path: Assets/Image/Amphilophus-citrinellus.jpeg
  artifactKey: Guid(d4093e6c1e12440dfb0a10813504b87f) Importer(815301076,1909f56bfc062723c751e8b465ee728b)
Start importing Assets/Image/Amphilophus-citrinellus.jpeg using Guid(d4093e6c1e12440dfb0a10813504b87f) Importer(815301076,1909f56bfc062723c751e8b465ee728b)  -> (artifact id: '824006ad7023c56da30272de3909b26c') in 0.028283 seconds 
  Import took 0.032044 seconds .

